Suntem la populatia intiala
1 : 0010001010100111001101 x: -0.593908 f: 1.053365287536
2 : 1001001110111000010010 x: 0.731092 f: 2.196596487536
3 : 0011101011110010100101 x: -0.309208 f: 1.595182412736
4 : 1101000100101001100111 x: 1.451124 f: 1.345363136624
5 : 0011000111000010010010 x: -0.416888 f: 1.409316395456
6 : 0100111001110101001000 x: -0.080576 f: 1.912931508224
7 : 1111100001100000111111 x: 1.91069 f: 0.25995372390000004
8 : 0010001010000011100010 x: -0.595541 f: 1.049789917319
9 : 1001110011111110010100 x: 0.839767 f: 2.134558385711
10 : 0110101000001100000100 x: 0.24274 f: 2.1838172924
11 : 1001100111011000010111 x: 0.802873 f: 2.158267945871
12 : 0110010001011100001000 x: 0.176092 f: 2.145083607536
13 : 1110111010010100100010 x: 1.795862 f: 0.5707416769559996
14 : 0111010000111110101011 x: 0.362244 f: 2.231023284464
15 : 1000011101100010001001 x: 0.586524 f: 2.242513597424
16 : 1011101110010100111001 x: 1.198222 f: 1.7624860387160002
17 : 1000100011001101111100 x: 0.603177 f: 2.239354506671
18 : 1100110010010101010101 x: 1.397461 f: 1.444563753479
19 : 0111001110110111111011 x: 0.356076 f: 2.229285882224
20 : 0101001110101001011101 x: -0.019587 f: 1.980029349431

Probabilitatile de selectie:

cromozom 1: 0.03085046775899224
cromozom 2: 0.06433288615078744
cromozom 3: 0.046718953221763095
cromozom 4: 0.03940236360706627
cromozom 5: 0.041275396611879116
cromozom 6: 0.05602503947863196
cromozom 7: 0.007613402561201106
cromozom 8: 0.03074575399548477
cromozom 9: 0.06251594336481603
cromozom 10: 0.06395861508623467
cromozom 11: 0.06321033782602611
cromozom 12: 0.0628242011177632
cromozom 13: 0.016715614148280416
cromozom 14: 0.06534116200840283
cromozom 15: 0.06567768489719328
cromozom 16: 0.051618863234301926
cromozom 17: 0.06558516293109438
cromozom 18: 0.042307704677414314
cromozom 19: 0.06529027778768307
cromozom 20: 0.05799016953498365

Intervalele probabilitatilor de selectie:
0 0.03085046775899224
0.09518335390977968
0.14190230713154275
0.18130467073860904
0.22258006735048816
0.2786051068291201
0.28621850939032123
0.31696426338580597
0.379480206750622
0.4434388218368567
0.5066491596628828
0.569473360780646
0.5861889749289264
0.6515301369373293
0.7172078218345226
0.7688266850688246
0.834411847999919
0.8767195526773333
0.9420098304650164
1.0

Procesul selectionarii: 

Elementul etilist: 15 : 1000011101100010001001 x: 0.586524 f: 2.242513597424
u= 0.3961541221809647 -> cromozomul selectat: 0
u= 0.7792499519085289 -> cromozomul selectat: 0
u= 0.6269840431533403 -> cromozomul selectat: 0
u= 0.8642302928078635 -> cromozomul selectat: 0
u= 0.9328548986607629 -> cromozomul selectat: 0
u= 0.9840142263468658 -> cromozomul selectat: 0
u= 0.2006572875815501 -> cromozomul selectat: 0
u= 0.1820793040743246 -> cromozomul selectat: 0
u= 0.6993657210167219 -> cromozomul selectat: 0
u= 0.9493279317795021 -> cromozomul selectat: 0
u= 0.2549543830538443 -> cromozomul selectat: 0
u= 0.5318216367805969 -> cromozomul selectat: 0
u= 0.29464737141921904 -> cromozomul selectat: 0
u= 0.2961989405896229 -> cromozomul selectat: 0
u= 0.265470306691429 -> cromozomul selectat: 0
u= 0.8485889699989131 -> cromozomul selectat: 0
u= 0.13626329793310932 -> cromozomul selectat: 0
u= 0.6020998015464689 -> cromozomul selectat: 0
u= 0.7774398020088172 -> cromozomul selectat: 0
u= 0.9983751702959013 -> cromozomul selectat: 0

Dupa ce am facut selectia:
1 : 0101001110101001011101 x: -0.019587 f: 1.980029349431
2 : 0101001110101001011101 x: -0.019587 f: 1.980029349431
3 : 0101001110101001011101 x: -0.019587 f: 1.980029349431
4 : 0101001110101001011101 x: -0.019587 f: 1.980029349431
5 : 0101001110101001011101 x: -0.019587 f: 1.980029349431
6 : 0101001110101001011101 x: -0.019587 f: 1.980029349431
7 : 0101001110101001011101 x: -0.019587 f: 1.980029349431
8 : 0101001110101001011101 x: -0.019587 f: 1.980029349431
9 : 0101001110101001011101 x: -0.019587 f: 1.980029349431
10 : 0101001110101001011101 x: -0.019587 f: 1.980029349431
11 : 0101001110101001011101 x: -0.019587 f: 1.980029349431
12 : 0101001110101001011101 x: -0.019587 f: 1.980029349431
13 : 0101001110101001011101 x: -0.019587 f: 1.980029349431
14 : 0101001110101001011101 x: -0.019587 f: 1.980029349431
15 : 0101001110101001011101 x: -0.019587 f: 1.980029349431
16 : 0101001110101001011101 x: -0.019587 f: 1.980029349431
17 : 0101001110101001011101 x: -0.019587 f: 1.980029349431
18 : 0101001110101001011101 x: -0.019587 f: 1.980029349431
19 : 0101001110101001011101 x: -0.019587 f: 1.980029349431
20 : 0101001110101001011101 x: -0.019587 f: 1.980029349431


Probabilitatea de incrucisare:
1 0101001110101001011101 u= 0.6030811782600554
2 0101001110101001011101 u= 0.19929016422431567 < 0.25 participa
3 0101001110101001011101 u= 0.6210661568402567
4 0101001110101001011101 u= 0.4659357161695432
5 0101001110101001011101 u= 0.112749773611179 < 0.25 participa
6 0101001110101001011101 u= 0.1225199916955827 < 0.25 participa
7 0101001110101001011101 u= 0.245260740920756 < 0.25 participa
8 0101001110101001011101 u= 0.7350388804694277
9 0101001110101001011101 u= 0.6788680530880139
10 0101001110101001011101 u= 0.7117243602564929
11 0101001110101001011101 u= 0.5377710551265895
12 0101001110101001011101 u= 0.2197969593496325 < 0.25 participa
13 0101001110101001011101 u= 0.6409720558129032
14 0101001110101001011101 u= 0.5014950006601389
15 0101001110101001011101 u= 0.16050137754778715 < 0.25 participa
16 0101001110101001011101 u= 0.14163821572836832 < 0.25 participa
17 0101001110101001011101 u= 0.4836549568307763
18 0101001110101001011101 u= 0.747992472096363
19 0101001110101001011101 u= 0.9194973084332746
20 0101001110101001011101 u= 0.7276528516345374

Recombinarile sunt: 
Recombinarea intre cromozomul 6 si cromozomul 12 : 
0101001110101001011101 0101001110101001011101 punctul de rupere 18
Rezultatul este  0101001110101001011101 0101001110101001011101
Recombinarea intre cromozomul 2 si cromozomul 15 : 
0101001110101001011101 0101001110101001011101 punctul de rupere 2
Rezultatul este  0101001110101001011101 0101001110101001011101
Recombinarea intre cromozomul 7 si cromozomul 5 : 
0101001110101001011101 0101001110101001011101 punctul de rupere 6
Rezultatul este  0101001110101001011101 0101001110101001011101

Dupa ce s-a realizat recombinarea: 
1 : 0101001110101001011101 x: -0.019587 f: 1.980029349431
2 : 0101001110101001011101 x: -0.019587 f: 1.980029349431
3 : 0101001110101001011101 x: -0.019587 f: 1.980029349431
4 : 0101001110101001011101 x: -0.019587 f: 1.980029349431
5 : 0101001110101001011101 x: -0.019587 f: 1.980029349431
6 : 0101001110101001011101 x: -0.019587 f: 1.980029349431
7 : 0101001110101001011101 x: -0.019587 f: 1.980029349431
8 : 0101001110101001011101 x: -0.019587 f: 1.980029349431
9 : 0101001110101001011101 x: -0.019587 f: 1.980029349431
10 : 0101001110101001011101 x: -0.019587 f: 1.980029349431
11 : 0101001110101001011101 x: -0.019587 f: 1.980029349431
12 : 0101001110101001011101 x: -0.019587 f: 1.980029349431
13 : 0101001110101001011101 x: -0.019587 f: 1.980029349431
14 : 0101001110101001011101 x: -0.019587 f: 1.980029349431
15 : 0101001110101001011101 x: -0.019587 f: 1.980029349431
16 : 0101001110101001011101 x: -0.019587 f: 1.980029349431
17 : 0101001110101001011101 x: -0.019587 f: 1.980029349431
18 : 0101001110101001011101 x: -0.019587 f: 1.980029349431
19 : 0101001110101001011101 x: -0.019587 f: 1.980029349431
20 : 0101001110101001011101 x: -0.019587 f: 1.980029349431

Probabilitatea de mutatie pentru fiecare gena este: 0.01

Urmatorii cromozomi au fost modificati: 
7
12

Dupa mutatie: 
1 : 0101001110101001011101 x: -0.019587 f: 1.980029349431
2 : 0101001110101001011101 x: -0.019587 f: 1.980029349431
3 : 0101001110101001011101 x: -0.019587 f: 1.980029349431
4 : 0101001110101001011101 x: -0.019587 f: 1.980029349431
5 : 0101001110101001011101 x: -0.019587 f: 1.980029349431
6 : 0101001110101001011101 x: -0.019587 f: 1.980029349431
7 : 0100001110101001011101 x: -0.207087 f: 1.750027974431
8 : 0101001110101001011101 x: -0.019587 f: 1.980029349431
9 : 0101001110101001011101 x: -0.019587 f: 1.980029349431
10 : 0101001110101001011101 x: -0.019587 f: 1.980029349431
11 : 0101001110101001011101 x: -0.019587 f: 1.980029349431
12 : 0001001110101001011101 x: -0.769587 f: 0.6381488494309999
13 : 0101001110101001011101 x: -0.019587 f: 1.980029349431
14 : 0101001110101001011101 x: -0.019587 f: 1.980029349431
15 : 0101001110101001011101 x: -0.019587 f: 1.980029349431
16 : 0101001110101001011101 x: -0.019587 f: 1.980029349431
17 : 1101001110101011011101 x: 1.480505 f: 1.2886099449750001
18 : 0101001110101001011101 x: -0.019587 f: 1.980029349431
19 : 0101001110101001011101 x: -0.019587 f: 1.980029349431
20 : 0101001110101001011101 x: -0.019587 f: 1.980029349431


Evolutia maximului: 

Valoarea maxima este: 1.980029349431 -> Valoarea medie a performantei este: 0.09900146747155

Valoarea maxima este: 1.980220523591 -> Valoarea medie a performantei este: 0.09901102617955

Valoarea maxima este: 1.980029349431 -> Valoarea medie a performantei este: 0.09900146747155

Valoarea maxima este: 1.980029349431 -> Valoarea medie a performantei este: 0.09900146747155

Valoarea maxima este: 2.026543365056 -> Valoarea medie a performantei este: 0.1013271682528

Valoarea maxima este: 2.068662849431 -> Valoarea medie a performantei este: 0.10343314247155

Valoarea maxima este: 1.980029349431 -> Valoarea medie a performantei este: 0.09900146747155

Valoarea maxima este: 2.026543365056 -> Valoarea medie a performantei este: 0.1013271682528

Valoarea maxima este: 2.229094888604 -> Valoarea medie a performantei este: 0.11145474443020001

Valoarea maxima este: 1.980790526684 -> Valoarea medie a performantei este: 0.0990395263342

Valoarea maxima este: 1.980220523591 -> Valoarea medie a performantei este: 0.09901102617955

Valoarea maxima este: 2.026543365056 -> Valoarea medie a performantei este: 0.1013271682528

Valoarea maxima este: 2.229094888604 -> Valoarea medie a performantei este: 0.11145474443020001

Valoarea maxima este: 2.225568746975 -> Valoarea medie a performantei este: 0.11127843734875001

Valoarea maxima este: 1.980029349431 -> Valoarea medie a performantei este: 0.09900146747155

Valoarea maxima este: 2.020969797959 -> Valoarea medie a performantei este: 0.10104848989794998

Valoarea maxima este: 1.980029349431 -> Valoarea medie a performantei este: 0.09900146747155

Valoarea maxima este: 1.983065544351 -> Valoarea medie a performantei este: 0.09915327721754999

Valoarea maxima este: 2.068662849431 -> Valoarea medie a performantei este: 0.10343314247155

Valoarea maxima este: 1.980029349431 -> Valoarea medie a performantei este: 0.09900146747155

Valoarea maxima este: 2.229094888604 -> Valoarea medie a performantei este: 0.11145474443020001

Valoarea maxima este: 1.980029349431 -> Valoarea medie a performantei este: 0.09900146747155

Valoarea maxima este: 1.980029349431 -> Valoarea medie a performantei este: 0.09900146747155

Valoarea maxima este: 1.980029349431 -> Valoarea medie a performantei este: 0.09900146747155

Valoarea maxima este: 2.229094888604 -> Valoarea medie a performantei este: 0.11145474443020001

Valoarea maxima este: 1.980029349431 -> Valoarea medie a performantei este: 0.09900146747155

Valoarea maxima este: 2.229094888604 -> Valoarea medie a performantei este: 0.11145474443020001

Valoarea maxima este: 2.229094888604 -> Valoarea medie a performantei este: 0.11145474443020001

Valoarea maxima este: 1.980029349431 -> Valoarea medie a performantei este: 0.09900146747155

Valoarea maxima este: 2.068662849431 -> Valoarea medie a performantei este: 0.10343314247155

Valoarea maxima este: 1.980029349431 -> Valoarea medie a performantei este: 0.09900146747155

Valoarea maxima este: 2.068662849431 -> Valoarea medie a performantei este: 0.10343314247155

Valoarea maxima este: 1.980029349431 -> Valoarea medie a performantei este: 0.09900146747155

Valoarea maxima este: 1.983065544351 -> Valoarea medie a performantei este: 0.09915327721754999

Valoarea maxima este: 1.980220523591 -> Valoarea medie a performantei este: 0.09901102617955

Valoarea maxima este: 2.229094888604 -> Valoarea medie a performantei este: 0.11145474443020001

Valoarea maxima este: 1.983065544351 -> Valoarea medie a performantei este: 0.09915327721754999

Valoarea maxima este: 2.068662849431 -> Valoarea medie a performantei este: 0.10343314247155

Valoarea maxima este: 1.980029349431 -> Valoarea medie a performantei este: 0.09900146747155

Valoarea maxima este: 1.980029349431 -> Valoarea medie a performantei este: 0.09900146747155

Valoarea maxima este: 1.980029349431 -> Valoarea medie a performantei este: 0.09900146747155

Valoarea maxima este: 1.980029349431 -> Valoarea medie a performantei este: 0.09900146747155

Valoarea maxima este: 2.068662849431 -> Valoarea medie a performantei este: 0.10343314247155

Valoarea maxima este: 1.980029349431 -> Valoarea medie a performantei este: 0.09900146747155

Valoarea maxima este: 1.980029349431 -> Valoarea medie a performantei este: 0.09900146747155

Valoarea maxima este: 1.980029349431 -> Valoarea medie a performantei este: 0.09900146747155

Valoarea maxima este: 1.980029349431 -> Valoarea medie a performantei este: 0.09900146747155

Valoarea maxima este: 1.980029349431 -> Valoarea medie a performantei este: 0.09900146747155

Valoarea maxima este: 1.980029349431 -> Valoarea medie a performantei este: 0.09900146747155

Valoarea maxima este: 1.980029349431 -> Valoarea medie a performantei este: 0.09900146747155
